Issuer: 'CN: Cert CN'
Serial Number: 000000000000000000000000D35C0881
Signature Algorithm: SHA512
Subject: 'CN: Cert CN'
Subject Public Key Info:
  Parameters:
    Key Size: '2048'
    Modulus N: |-
      24651952656163458827909525106986168390362313244380531363179274081705687882652429
      42724353284369423374164958731106228192983422927322035391927312930827505751347318
      10433836284050568792288057907409152147114335732376331606070709493414131825009878
      62483806985168774106048702295276425922168970742025356609804205385245796272234488
      03262804756628532016588575221328645948176714781737845302802392421145534382840728
      88871956041487370444145888612290281581252521370439236655085304445315900515237929
      95090348261387175920426292996964832750356977399684053672351531777248194875874047
      915774180897234671145523280260573598420850325221582548203
    Public Exponent E: '65537'
  Public Key Algorithm:
    key_size: '2048'
    modulus_n: |-
      24651952656163458827909525106986168390362313244380531363179274081705687882652429
      42724353284369423374164958731106228192983422927322035391927312930827505751347318
      10433836284050568792288057907409152147114335732376331606070709493414131825009878
      62483806985168774106048702295276425922168970742025356609804205385245796272234488
      03262804756628532016588575221328645948176714781737845302802392421145534382840728
      88871956041487370444145888612290281581252521370439236655085304445315900515237929
      95090348261387175920426292996964832750356977399684053672351531777248194875874047
      915774180897234671145523280260573598420850325221582548203
    public_exponent_e: '65537'
Validity:
  Not After: '2024-03-20 19:33:29.527993+00:00'
  Not Before: '2024-03-18 19:33:29.527980+00:00'

