Issuer: 'CN: Issuer'
Serial Number: 0000000000000000000000003C267E6C
Signature Algorithm: SHA512
Subject: 'CN: Cert CN'
Subject Public Key Info:
  Parameters:
    Key Size: '2048'
    Modulus N: |-
      25550756128772931813106243067085390318652289985739266496024024493670621116213956
      90489287706264037119626214099882014292713209808252800751866447746720100929151964
      46202070799749522898986797566961784783979561943444986102369066812692738828872782
      98496590414399721427120456071151219636141450460402387454495822527621877200003696
      17645095523313981050160559586782772916770185493147504794214581759473793032497010
      11770801177016538979288420774380352730095192197516118893069722645898883305709857
      14339419027910827270754661777912597663706493126575945938217017739081211471589786
      628051978875616847991393413089023920982485319876048712079
    Public Exponent E: '65537'
  Public Key Algorithm:
    key_size: '2048'
    modulus_n: |-
      25550756128772931813106243067085390318652289985739266496024024493670621116213956
      90489287706264037119626214099882014292713209808252800751866447746720100929151964
      46202070799749522898986797566961784783979561943444986102369066812692738828872782
      98496590414399721427120456071151219636141450460402387454495822527621877200003696
      17645095523313981050160559586782772916770185493147504794214581759473793032497010
      11770801177016538979288420774380352730095192197516118893069722645898883305709857
      14339419027910827270754661777912597663706493126575945938217017739081211471589786
      628051978875616847991393413089023920982485319876048712079
    public_exponent_e: '65537'
Validity:
  Not After: '2024-03-20 19:33:25.178142+00:00'
  Not Before: '2024-03-18 19:33:25.178128+00:00'

