Extensions:
  Authority Information Access:
    Access Description:
    - Access Location:
        name: UniformResourceIdentifier
        value: http://r3.o.lencr.org
      Access Method: OCSP
    - Access Location:
        name: UniformResourceIdentifier
        value: http://r3.i.lencr.org/
      Access Method: CA_ISSUERS
  Authority Key Identifier:
    Key Identifier: 142EB317B75856CBAE500940E61FAF9D8B14C2C6
  Basic Constraints (critical):
    CA: false
  Certificate Policies:
  - Policy 2.23.140.1.2.1: []
  Extended Key Usage:
  - Server Authentication
  - Client Authentication
  Key Usage (critical): Digital Signature, Key Encipherment
  Subject Alternative Name:
  - name: DNSName
    value: revoked-isrgrootx1.letsencrypt.org
  Subject Key Identifier:
    Subject Key Identifier: 17580EEBFC5C74F8FCA9E7D26B7B46C2CAA4CB65
Issuer: 'C: US, CN: R3, O: Let''s Encrypt'
Serial Number: 3AB360B2E141EE0A0A5D7E07405B788D012
Signature Algorithm: SHA256
Signature Value: |-
  6524BFAA0418AC033CA8AE9B7D26270A0FD01D19C0D9C24DF62443049F751DAACC38DCD0F8D1B073
  BA69A597430D81417621A83B1AFBF1DA8BB89A8A9A66C1872214219F1AF0F538E3492935FBED9B07
  2753E1979754ADA825AE779F25A60E6168FE8B5A349A645CF53E8B92C4C89E48A10644B886DC5C45
  F1BA190FA21F5D9D3797EEF438BB43A0C7F3AD24DC5A362573B93807C63E967C34412AF06484192E
  EABBE0F36E586457631452550F57EECCC70CA2D18033219970CA585B7F9E048D079267419A5853B0
  91EC434E7486F0F2CEBB25A83E67906B25253D151C4648623AF65085D29CDA54A35AB69CF46FE5C5
  233B8883E07F8084D1E4BD044D3AFA4F
Subject: 'CN: revoked-isrgrootx1.letsencrypt.org'
Subject Public Key Info:
  Parameters:
    Key Size: '2048'
    Modulus N: |-
      23839174628835585737865497707674190474897415317191932275801797752886922576439929
      23606111892535056472919273444108077458185259724177705966095207382680958653002768
      64978318542280697487184872371692210563784780155639469440229752176892536277475999
      75217593328595981266268943720688057618917965143208585315841050460997668640937715
      31151802418019082127796674420946429622942844685649712201709165874476137292993834
      39085956973880263992601153582729559608082829217959931969536985959906468775946948
      85364834380352119964620287584172658764708891053901110224014921892529600757418230
      858898666651845148139212940504939021007318913142493572379
    Public Exponent E: '65537'
  Public Key Algorithm:
    key_size: '2048'
    modulus_n: |-
      23839174628835585737865497707674190474897415317191932275801797752886922576439929
      23606111892535056472919273444108077458185259724177705966095207382680958653002768
      64978318542280697487184872371692210563784780155639469440229752176892536277475999
      75217593328595981266268943720688057618917965143208585315841050460997668640937715
      31151802418019082127796674420946429622942844685649712201709165874476137292993834
      39085956973880263992601153582729559608082829217959931969536985959906468775946948
      85364834380352119964620287584172658764708891053901110224014921892529600757418230
      858898666651845148139212940504939021007318913142493572379
    public_exponent_e: '65537'
Validity:
  Not After: '2024-06-18 15:00:15+00:00'
  Not Before: '2024-03-20 15:00:16+00:00'
Version: 2

