Issuer: 'CN: Issuer'
Serial Number: 000000000000000000000000D3B5BA0D
Signature Algorithm: SHA512
Subject: 'CN: Cert CN'
Subject Public Key Info:
  Parameters:
    Key Size: '2048'
    Modulus N: |-
      28063218871655917615282435894300401975152455984717927754023913594960646940737577
      44524725571801312139411212893379526256020560766940120659052317044418231118248401
      60946648463495650989235271471095553161262474433117743733388529296312349196452893
      25835875823215439613722907660140655058188997090510310760966444824240285182856862
      64658491166723539887507416379524122221240940105443404861053363331681521673815726
      15110312065961745137998217626015934244067093437943345833281775711737535685722321
      71351894159579350894449217239356973347489933743571299599442352926509562696580937
      970795485560885660560666397525413427743341755187094212457
    Public Exponent E: '65537'
  Public Key Algorithm:
    key_size: '2048'
    modulus_n: |-
      28063218871655917615282435894300401975152455984717927754023913594960646940737577
      44524725571801312139411212893379526256020560766940120659052317044418231118248401
      60946648463495650989235271471095553161262474433117743733388529296312349196452893
      25835875823215439613722907660140655058188997090510310760966444824240285182856862
      64658491166723539887507416379524122221240940105443404861053363331681521673815726
      15110312065961745137998217626015934244067093437943345833281775711737535685722321
      71351894159579350894449217239356973347489933743571299599442352926509562696580937
      970795485560885660560666397525413427743341755187094212457
    public_exponent_e: '65537'
Validity:
  Not After: '2024-03-17 22:57:20.184288'
  Not Before: '2024-03-16 22:57:20.184277'

