Extensions:
  Authority Information Access:
    Access Description:
    - Access Location:
        name: UniformResourceIdentifier
        value: http://x1.i.lencr.org/
      Access Method: CA_ISSUERS
  Authority Key Identifier:
    Key Identifier: 79B459E67BB6E5E40173800888C81A58F6E99B6E
  Basic Constraints (critical):
    CA: true
  Certificate Policies:
  - Policy 2.23.140.1.2.1: []
  - Policy 1.3.6.1.4.1.44947.1.1.1: []
  Crl Distribution Points:
  - Full Name:
    - name: UniformResourceIdentifier
      value: http://x1.c.lencr.org/
  Extended Key Usage:
  - Client Authentication
  - Server Authentication
  Key Usage (critical): Digital Signature, Key Cert Sign, Crl Sign
  Path Lenght: 0
  Subject Key Identifier:
    Subject Key Identifier: 142EB317B75856CBAE500940E61FAF9D8B14C2C6
Issuer: 'CN: ISRG Root X1, C: US, O: Internet Security Research Group'
Serial Number: 912B084ACF0C18A753F6D62E25A75F5A
Signature Algorithm: SHA256
Signature Value: |-
  85CA4E473EA3F7854485BCD56778B29863AD754D1E963D336572542D81A0EAC3EDF820BF5FCCB770
  00B76E3BF65E94DEE4209FA6EF8BB203E7A2B5163C91CEB4ED3902E77C258A47E6656E3F46F4D9F0
  CE942BEE54CE12BC8C274BB8C1982FA2AFCD71914A08B7C8B8237B042D08F908573E83D904330A47
  2178098227C32AC89BB9CE5CF264C8C0BE79C04F8E6D440C5E92BB2EF78B10E1E81D4429DB5920ED
  63B921F81226949357A01D6504C10A22AE100D4397A1181F7EE0E08637B55AB1BD30BF876E2B2AFF
  214E1B05C3F51897F05EACC3A5B86AF02EBC3B33B9EE4BDECCFCE4AF840B863FC0554336F668E136
  176A8E99D1FFA540A734B7C0D063393539756EF2BA76C89302E9A94B6C17CE0C02D9BD81FB9FB768
  D40665B3823D7753F88E7903AD0A3107752A43D8559772C4290EF7C45D4EC8AE468430D7F2855F18
  A179BBE75E708B07E18693C3B98FDC6171252AAFDFED255052688B92DCE5D6B5E3DA7DD0876C8421
  31AE82F5FBB9ABC889173DE14CE5380EF6BD2BBD968114EBD5DB3D20A77E59D3E2F858F95BB848CD
  FE5C4F1629FE1E5523AFC811B08DEA7C9390172FFDACA20947463FF0E9B0B7FF284D6832D6675E1E
  69A393B8F59D8B2F0BD25243A66F3257654D3281DF3853855D7E5D6629EAB8DDE495B5CDB5561242
  CDC44EC6253844506DECCE005518FEE94964D44ECA979CB45BC073A8ABB847C2
Subject: 'CN: R3, C: US, O: Let''s Encrypt'
Subject Public Key Info:
  Parameters:
    Key Size: '2048'
    Modulus N: |-
      23607590023527405233483514815960094733025362836439268915823566209453533788829410
      72961269318866403396560128488938220067229162371221935157944246629213402577917087
      19030296756413322277205133704994143921747776293784333332814927820066440035084066
      69842374574620445942041275265465205367002253387972103578862358103547035353751037
      98689289193893953701371227696203175830312817811815601999781845906479379770505161
      19310429773226949916112639110772354331197195042061738975342154862253911562311683
      13218127765624386188467360149426877213161912342004781300247624712380387337803861
      727744706241919394251136381590874774264144198228326996757
    Public Exponent E: '65537'
  Public Key Algorithm:
    key_size: '2048'
    modulus_n: |-
      23607590023527405233483514815960094733025362836439268915823566209453533788829410
      72961269318866403396560128488938220067229162371221935157944246629213402577917087
      19030296756413322277205133704994143921747776293784333332814927820066440035084066
      69842374574620445942041275265465205367002253387972103578862358103547035353751037
      98689289193893953701371227696203175830312817811815601999781845906479379770505161
      19310429773226949916112639110772354331197195042061738975342154862253911562311683
      13218127765624386188467360149426877213161912342004781300247624712380387337803861
      727744706241919394251136381590874774264144198228326996757
    public_exponent_e: '65537'
Validity:
  Not After: '2025-09-15 16:00:00+00:00'
  Not Before: '2020-09-04 00:00:00+00:00'
Version: 2

