----------Certificate #1----------
Issuer: 'CN: Issuer'
Serial Number: 000000000000000000000000AC83CF77
Signature Algorithm: SHA512
Subject: 'CN: Issuer'
Subject Public Key Info:
  Parameters:
    Key Size: '2048'
    Modulus N: |-
      20949297058677308864453296108836801469265511815182005971651133105647427423227632
      07541739015956169404745367694936493536778900890504530096787366807855221175383235
      58103302058534109131504784046109303328405751040508058546418088806267203229304385
      09677345821098622486695573930165068875877984330455389750074516667544690883288051
      12350271632454089156769096308192233116464812825924607672324468764281292811806573
      65157847922989612944513335619553730018398984691827209343110650824681687201283521
      23349185401361609348739912806033741325322945089068307210028443366526539495989045
      342918445742941703011319528191622492038198574946791399797
    Public Exponent E: '65537'
  Public Key Algorithm:
    key_size: '2048'
    modulus_n: |-
      20949297058677308864453296108836801469265511815182005971651133105647427423227632
      07541739015956169404745367694936493536778900890504530096787366807855221175383235
      58103302058534109131504784046109303328405751040508058546418088806267203229304385
      09677345821098622486695573930165068875877984330455389750074516667544690883288051
      12350271632454089156769096308192233116464812825924607672324468764281292811806573
      65157847922989612944513335619553730018398984691827209343110650824681687201283521
      23349185401361609348739912806033741325322945089068307210028443366526539495989045
      342918445742941703011319528191622492038198574946791399797
    public_exponent_e: '65537'
Validity:
  Not After: '2024-03-17 21:57:21.974793+00:00'
  Not Before: '2024-03-16 21:57:21.974770+00:00'
----------------------------------
----------Certificate #2----------
Issuer: 'CN: Issuer'
Serial Number: 000000000000000000000000233FBC98
Signature Algorithm: SHA512
Subject: 'CN: Cert CN'
Subject Public Key Info:
  Parameters:
    Key Size: '2048'
    Modulus N: |-
      23317189633309461356345877147980190141208224692815129688761500362847067858911476
      82328805862389930605696723479389727117698759086018343529102980616518215045008567
      92003878425973992892520096173572181065533751265121649736495847412979108689907085
      47954202838147642387190187468158967586685275665907626317309633894451389067595118
      28261213459780565622115138919273067097022929020261030329679762109799152850317039
      32449278406508000090495103311780130308784682258767857278311834117134574424919548
      94491005973150536916698696803231623059348234835460091650340817183279660705086146
      787531975912999712247581325827356952832246540306128217141
    Public Exponent E: '65537'
  Public Key Algorithm:
    key_size: '2048'
    modulus_n: |-
      23317189633309461356345877147980190141208224692815129688761500362847067858911476
      82328805862389930605696723479389727117698759086018343529102980616518215045008567
      92003878425973992892520096173572181065533751265121649736495847412979108689907085
      47954202838147642387190187468158967586685275665907626317309633894451389067595118
      28261213459780565622115138919273067097022929020261030329679762109799152850317039
      32449278406508000090495103311780130308784682258767857278311834117134574424919548
      94491005973150536916698696803231623059348234835460091650340817183279660705086146
      787531975912999712247581325827356952832246540306128217141
    public_exponent_e: '65537'
Validity:
  Not After: '2024-03-17 21:57:22.046488+00:00'
  Not Before: '2024-03-16 21:57:22.046477+00:00'
----------------------------------
Chain certificate count: 2
