Issuer: 'CN: Cert CN'
Serial Number: 000000000000000000000000C636A7E6
Signature Algorithm: SHA512
Subject: 'CN: Cert CN'
Subject Public Key Info:
  Parameters:
    Key Size: '2048'
    Modulus N: |-
      25731024268057307413676558685538064066358470587174963685317677080716437858503295
      09292541410170779344768063347136404254379461212851425418707096803349026043218216
      47319777167042786152699486700503949965996963879433992706740217889158083235081069
      64266057137063333971956760317597066527323520893853295558359713880772819912432881
      85610068396714100775906818948907962981927385150604371966451441687732397411721545
      08568239541263812361802434720122828857809466159949676050563042967462447484861953
      17300865629764727499179354946872128120683655384705750362818136725849188310813219
      452169373873524669469783036887366726784894143589750061931
    Public Exponent E: '65537'
  Public Key Algorithm:
    key_size: '2048'
    modulus_n: |-
      25731024268057307413676558685538064066358470587174963685317677080716437858503295
      09292541410170779344768063347136404254379461212851425418707096803349026043218216
      47319777167042786152699486700503949965996963879433992706740217889158083235081069
      64266057137063333971956760317597066527323520893853295558359713880772819912432881
      85610068396714100775906818948907962981927385150604371966451441687732397411721545
      08568239541263812361802434720122828857809466159949676050563042967462447484861953
      17300865629764727499179354946872128120683655384705750362818136725849188310813219
      452169373873524669469783036887366726784894143589750061931
    public_exponent_e: '65537'
Validity:
  Not After: '2024-03-18 23:16:25.116903+00:00'
  Not Before: '2024-03-16 23:16:25.116889+00:00'

