Extensions:
  Authority Information Access:
    Access Description:
    - Access Location:
        name: UniformResourceIdentifier
        value: http://r3.o.lencr.org
      Access Method: OCSP
    - Access Location:
        name: UniformResourceIdentifier
        value: http://r3.i.lencr.org/
      Access Method: CA_ISSUERS
  Authority Key Identifier:
    Key Identifier: 142EB317B75856CBAE500940E61FAF9D8B14C2C6
  Basic Constraints (critical):
    CA: false
  Certificate Policies:
  - Policy 2.23.140.1.2.1: []
  Extended Key Usage:
  - Server Authentication
  - Client Authentication
  Key Usage (critical): Digital Signature, Key Encipherment
  Subject Alternative Name:
  - name: DNSName
    value: revoked-isrgrootx1.letsencrypt.org
  Subject Key Identifier:
    Subject Key Identifier: 3AE9055031A4285A32E1D9CF0A943C631E0CB4E2
Issuer: 'C: US, CN: R3, O: Let''s Encrypt'
Serial Number: 3A3724809405ED47051B3E0B885A610C436
Signature Algorithm: SHA256
Signature Value: |-
  4406D7B00D521EEB473F20C969FD4FCB12F860916B4C295F9EDA4AF783EE324C931B1B9F3F397084
  D661720071F459371E5571CA828392FDDD2C15C99EE5242595E22E56BB3894CD6A7D5D3F933E0619
  634323C35215BB1109116FE17003F8AACD4283A533438207042871396BC1306A6ACB2D4EB4B8444E
  61E24CF08C87F4383DBD873091C2CC3A407275D6292D201489FFC15B583E43888433450B214C91F8
  2AFAA27D90FC862FEF9BD6759D931DD072FE8C05666ED5515835E4F404B5F205ACB1B2F16A510956
  F77EDB9C9D67FF99527052271FDD9A328CCEAB158D152C75BE70104AE10557C5351675C27788B9D0
  6E2423F3F5B89FB8F935113D4B0741F2
Subject: 'CN: revoked-isrgrootx1.letsencrypt.org'
Subject Public Key Info:
  Parameters:
    Key Size: '2048'
    Modulus N: |-
      22013208747385292458997344645402685465496555045270208620340312779330919233610841
      31943995523902475621181583079129707485505704378720890034842029156592181407228357
      37354416773318701763069543718895765813888865315195074790320776074941807519122351
      15347187162691010173163478329990316764769792488131940366465376365391815306117169
      55136315768799955731633604578972554680473217728238843540913043670500171478556348
      60653275879578402584107548641048055969127459799470772259126341388443444598267670
      72981171163655264167041369646414332043389692349217069896496981947204616457532771
      985459720572798189412104992656054503888553082617708882123
    Public Exponent E: '65537'
  Public Key Algorithm:
    key_size: '2048'
    modulus_n: |-
      22013208747385292458997344645402685465496555045270208620340312779330919233610841
      31943995523902475621181583079129707485505704378720890034842029156592181407228357
      37354416773318701763069543718895765813888865315195074790320776074941807519122351
      15347187162691010173163478329990316764769792488131940366465376365391815306117169
      55136315768799955731633604578972554680473217728238843540913043670500171478556348
      60653275879578402584107548641048055969127459799470772259126341388443444598267670
      72981171163655264167041369646414332043389692349217069896496981947204616457532771
      985459720572798189412104992656054503888553082617708882123
    public_exponent_e: '65537'
Validity:
  Not After: '2024-06-04 15:00:14+00:00'
  Not Before: '2024-03-06 15:00:15+00:00'
Version: 2

