Issuer: 'CN: Cert CN'
Serial Number: 243040E9C848CFB6A52091A3FFF0CD2FB3EAD07A
Signature Algorithm: SHA512
Signature Value: |-
  31DE88AF8907A676E5A7EA19549AD6820612F0A8F268B9D3FB5C4FE947D3726DE71F9B00A80F2462
  3C19EC3FD24A3B254DCEF12CB79D3AD59CB720292262A2DEADEC332158E48A4DCB894C23ACAF6583
  80942F178F7265F83E7F975F016C1792B693C2327446820737F2A9D1366F80095984A90714D9EA4F
  695AB9B8CC233785EA4FF7A3A1D909F055F377EE61BCC12BAAD08F316497104DFA69765D7D5A04C2
  9892A8DBB1F2E997B980294899E7C8F1BBAFC519387A3BC7DFAEBF73890051C01CAE94C046C738AD
  ABF114A1311E2AFB625F95854DEB44D7D104ECE8F3CBA73AAA4365C028CAE3D585EAC980D88064D9
  33CBC951F82DE45CFD7422F8E8FB6A4D
Subject: 'CN: Cert CN'
Subject Public Key Info:
  Parameters:
    Key Size: '2048'
    Modulus N: |-
      24705275634373472397913959111842546457302915278710046458429196107971203620518900
      85889996051958213090938989691323871611516168353538245753542340318167446221548635
      67911269725300641515785009885189293940887358974053993148509318435178111484052410
      72214344364244683088793223060590713951003322044817992841479781172826156997645163
      70784993866039143556837669831378860817098024438537135253644970737965953760024566
      22324555478329594901571378606988272402814596002534123398099376285556900954144977
      87439286935923126574798824924322834080550238750285058369308645348104266890130421
      563716816499870231348689769706202508344784145130254775919
    Public Exponent E: '65537'
  Public Key Algorithm:
    key_size: '2048'
    modulus_n: |-
      24705275634373472397913959111842546457302915278710046458429196107971203620518900
      85889996051958213090938989691323871611516168353538245753542340318167446221548635
      67911269725300641515785009885189293940887358974053993148509318435178111484052410
      72214344364244683088793223060590713951003322044817992841479781172826156997645163
      70784993866039143556837669831378860817098024438537135253644970737965953760024566
      22324555478329594901571378606988272402814596002534123398099376285556900954144977
      87439286935923126574798824924322834080550238750285058369308645348104266890130421
      563716816499870231348689769706202508344784145130254775919
    public_exponent_e: '65537'
Validity:
  Not After: '2024-03-17 13:43:57+00:00'
  Not Before: '2024-03-16 13:43:57+00:00'
Version: 2

