Issuer: 'CN: Cert CN'
Serial Number: 6A08EFEBC0FA10893F848200D265E58AA26BFE22
Signature Algorithm: SHA512
Signature Value: |-
  06BA1BD5E5D298B0C577D576BE604DCC8704C35FABD2B381DB2D4EB815DFC41772D8B2444256D8DB
  B703C9A696C3415BE3B234E6A52A1610483AE31BC0F754CE96E557C395BDA262D0504547C8924B52
  439FE2F3189F1EE9691C7E7F2532CC8DE3CFF96D9A3B3BBBA36E3D3D89E98B316CC70396246705EF
  A3AEC3DF17FD629932924B49A9D2D6162606B462BEB67EE2513C561E043BFA4B33192D068B787180
  00616214E9AADED02E025BB2F398F46690A70B9A3C4F0DAA443A3FDD88412D7162762CD435500D1F
  CD4126AC719F6AC7B0751A6463A2B7FFDA6C9E738E087E53DDC65F8DAC14AB4701A57F350B473631
  4FCE6F475C5C9988C1B180D0F988C15A
Subject: 'CN: Cert CN'
Subject Public Key Info:
  Parameters:
    Key Size: '2048'
    Modulus N: |-
      30519795842219718524154211452339367525522541418306388322222479091833299116991140
      09740263213211778932406753683969023225227261260389673597060169902106121179841034
      31187219419109541663272149747295496520180159087432616126691772239668099488528148
      13289122122347191908018216484406428594527992092037163959856854605762954418536599
      19979935283394834106080349369124577624086693846677247163161103215836435379325851
      79739035857994859657330621842935602784426350478700541817375449573933075543808561
      18104621405966149397007798324741701052325470419784481031726708819614894503041371
      625278920346237218103962726322958896412584334205897243629
    Public Exponent E: '65537'
  Public Key Algorithm:
    key_size: '2048'
    modulus_n: |-
      30519795842219718524154211452339367525522541418306388322222479091833299116991140
      09740263213211778932406753683969023225227261260389673597060169902106121179841034
      31187219419109541663272149747295496520180159087432616126691772239668099488528148
      13289122122347191908018216484406428594527992092037163959856854605762954418536599
      19979935283394834106080349369124577624086693846677247163161103215836435379325851
      79739035857994859657330621842935602784426350478700541817375449573933075543808561
      18104621405966149397007798324741701052325470419784481031726708819614894503041371
      625278920346237218103962726322958896412584334205897243629
    public_exponent_e: '65537'
Validity:
  Not After: '2024-03-10 13:10:16+00:00'
  Not Before: '2024-03-09 13:10:16+00:00'
Version: 2

